2025-04-15 09:51:42,899 [Worker-5: Loading available Gradle versions] INFO  o.e.b.c.i.u.g.PublishedGradleVersions - Gradle version information cache is out-of-date. Trying to update.
2025-04-15 09:53:23,088 [ModalContext] INFO  o.e.m.c.i.e.AbstractTransferListenerAdapter - Downloading https://repo.maven.apache.org/maven2/org/apache/maven/archetypes/maven-archetype-bundles/2/maven-archetype-bundles-2.pom
2025-04-15 09:53:23,113 [ModalContext] INFO  o.e.m.c.i.e.AbstractTransferListenerAdapter - Downloaded https://repo.maven.apache.org/maven2/org/apache/maven/archetypes/maven-archetype-bundles/2/maven-archetype-bundles-2.pom
2025-04-15 09:53:23,130 [ModalContext] INFO  o.e.m.c.i.e.AbstractTransferListenerAdapter - Downloading https://repo.maven.apache.org/maven2/org/apache/maven/archetype/maven-archetype-parent/1/maven-archetype-parent-1.pom
2025-04-15 09:53:23,130 [ModalContext] INFO  o.e.m.c.i.e.AbstractTransferListenerAdapter - Downloaded https://repo.maven.apache.org/maven2/org/apache/maven/archetype/maven-archetype-parent/1/maven-archetype-parent-1.pom
2025-04-15 09:53:23,148 [ModalContext] INFO  o.e.m.c.i.e.AbstractTransferListenerAdapter - Downloading https://repo.maven.apache.org/maven2/org/apache/maven/maven-parent/4/maven-parent-4.pom
2025-04-15 09:53:23,153 [ModalContext] INFO  o.e.m.c.i.e.AbstractTransferListenerAdapter - Downloaded https://repo.maven.apache.org/maven2/org/apache/maven/maven-parent/4/maven-parent-4.pom
2025-04-15 09:53:23,170 [ModalContext] INFO  o.e.m.c.i.e.AbstractTransferListenerAdapter - Downloading https://repo.maven.apache.org/maven2/org/apache/apache/3/apache-3.pom
2025-04-15 09:53:23,171 [ModalContext] INFO  o.e.m.c.i.e.AbstractTransferListenerAdapter - Downloaded https://repo.maven.apache.org/maven2/org/apache/apache/3/apache-3.pom
2025-04-15 09:53:38,057 [Worker-11: Launching mavenrun-8d52c6a9-a631-47c3-9e02-4ffd15c0a558] INFO  o.eclipse.m2e.core.internal.Bundles - getClasspathEntries(Bundle=org.eclipse.m2e.maven.runtime_3.9.700.20240602-2313 [640])
2025-04-15 09:53:38,059 [Worker-11: Launching mavenrun-8d52c6a9-a631-47c3-9e02-4ffd15c0a558] INFO  o.eclipse.m2e.core.internal.Bundles - 	Entry: /Users/gsaisam/.p2/pool/plugins/org.eclipse.m2e.maven.runtime_3.9.700.20240602-2313
2025-04-15 09:53:38,059 [Worker-11: Launching mavenrun-8d52c6a9-a631-47c3-9e02-4ffd15c0a558] INFO  o.eclipse.m2e.core.internal.Bundles - 	Entry: /Users/gsaisam/.p2/pool/plugins/org.eclipse.m2e.maven.runtime_3.9.700.20240602-2313/jars/aopalliance-1.0.jar
2025-04-15 09:53:38,059 [Worker-11: Launching mavenrun-8d52c6a9-a631-47c3-9e02-4ffd15c0a558] INFO  o.eclipse.m2e.core.internal.Bundles - 	Entry: /Users/gsaisam/.p2/pool/plugins/org.eclipse.m2e.maven.runtime_3.9.700.20240602-2313/jars/guice-5.1.0.jar
2025-04-15 09:53:38,059 [Worker-11: Launching mavenrun-8d52c6a9-a631-47c3-9e02-4ffd15c0a558] INFO  o.eclipse.m2e.core.internal.Bundles - 	Entry: /Users/gsaisam/.p2/pool/plugins/org.eclipse.m2e.maven.runtime_3.9.700.20240602-2313/jars/httpclient-4.5.14.jar
2025-04-15 09:53:38,059 [Worker-11: Launching mavenrun-8d52c6a9-a631-47c3-9e02-4ffd15c0a558] INFO  o.eclipse.m2e.core.internal.Bundles - 	Entry: /Users/gsaisam/.p2/pool/plugins/org.eclipse.m2e.maven.runtime_3.9.700.20240602-2313/jars/httpcore-4.4.16.jar
2025-04-15 09:53:38,059 [Worker-11: Launching mavenrun-8d52c6a9-a631-47c3-9e02-4ffd15c0a558] INFO  o.eclipse.m2e.core.internal.Bundles - 	Entry: /Users/gsaisam/.p2/pool/plugins/org.eclipse.m2e.maven.runtime_3.9.700.20240602-2313/jars/jansi-2.4.1.jar
2025-04-15 09:53:38,059 [Worker-11: Launching mavenrun-8d52c6a9-a631-47c3-9e02-4ffd15c0a558] INFO  o.eclipse.m2e.core.internal.Bundles - 	Entry: /Users/gsaisam/.p2/pool/plugins/org.eclipse.m2e.maven.runtime_3.9.700.20240602-2313/jars/jcl-over-slf4j-1.7.36.jar
2025-04-15 09:53:38,059 [Worker-11: Launching mavenrun-8d52c6a9-a631-47c3-9e02-4ffd15c0a558] INFO  o.eclipse.m2e.core.internal.Bundles - 	Entry: /Users/gsaisam/.p2/pool/plugins/org.eclipse.m2e.maven.runtime_3.9.700.20240602-2313/jars/maven-artifact-3.9.7.jar
2025-04-15 09:53:38,059 [Worker-11: Launching mavenrun-8d52c6a9-a631-47c3-9e02-4ffd15c0a558] INFO  o.eclipse.m2e.core.internal.Bundles - 	Entry: /Users/gsaisam/.p2/pool/plugins/org.eclipse.m2e.maven.runtime_3.9.700.20240602-2313/jars/maven-builder-support-3.9.7.jar
2025-04-15 09:53:38,059 [Worker-11: Launching mavenrun-8d52c6a9-a631-47c3-9e02-4ffd15c0a558] INFO  o.eclipse.m2e.core.internal.Bundles - 	Entry: /Users/gsaisam/.p2/pool/plugins/org.eclipse.m2e.maven.runtime_3.9.700.20240602-2313/jars/maven-compat-3.9.7.jar
2025-04-15 09:53:38,059 [Worker-11: Launching mavenrun-8d52c6a9-a631-47c3-9e02-4ffd15c0a558] INFO  o.eclipse.m2e.core.internal.Bundles - 	Entry: /Users/gsaisam/.p2/pool/plugins/org.eclipse.m2e.maven.runtime_3.9.700.20240602-2313/jars/maven-core-3.9.7.jar
2025-04-15 09:53:38,059 [Worker-11: Launching mavenrun-8d52c6a9-a631-47c3-9e02-4ffd15c0a558] INFO  o.eclipse.m2e.core.internal.Bundles - 	Entry: /Users/gsaisam/.p2/pool/plugins/org.eclipse.m2e.maven.runtime_3.9.700.20240602-2313/jars/maven-embedder-3.9.7.jar
2025-04-15 09:53:38,059 [Worker-11: Launching mavenrun-8d52c6a9-a631-47c3-9e02-4ffd15c0a558] INFO  o.eclipse.m2e.core.internal.Bundles - 	Entry: /Users/gsaisam/.p2/pool/plugins/org.eclipse.m2e.maven.runtime_3.9.700.20240602-2313/jars/maven-model-3.9.7.jar
2025-04-15 09:53:38,060 [Worker-11: Launching mavenrun-8d52c6a9-a631-47c3-9e02-4ffd15c0a558] INFO  o.eclipse.m2e.core.internal.Bundles - 	Entry: /Users/gsaisam/.p2/pool/plugins/org.eclipse.m2e.maven.runtime_3.9.700.20240602-2313/jars/maven-model-builder-3.9.7.jar
2025-04-15 09:53:38,060 [Worker-11: Launching mavenrun-8d52c6a9-a631-47c3-9e02-4ffd15c0a558] INFO  o.eclipse.m2e.core.internal.Bundles - 	Entry: /Users/gsaisam/.p2/pool/plugins/org.eclipse.m2e.maven.runtime_3.9.700.20240602-2313/jars/maven-plugin-api-3.9.7.jar
2025-04-15 09:53:38,060 [Worker-11: Launching mavenrun-8d52c6a9-a631-47c3-9e02-4ffd15c0a558] INFO  o.eclipse.m2e.core.internal.Bundles - 	Entry: /Users/gsaisam/.p2/pool/plugins/org.eclipse.m2e.maven.runtime_3.9.700.20240602-2313/jars/maven-repository-metadata-3.9.7.jar
2025-04-15 09:53:38,060 [Worker-11: Launching mavenrun-8d52c6a9-a631-47c3-9e02-4ffd15c0a558] INFO  o.eclipse.m2e.core.internal.Bundles - 	Entry: /Users/gsaisam/.p2/pool/plugins/org.eclipse.m2e.maven.runtime_3.9.700.20240602-2313/jars/maven-resolver-api-1.9.20.jar
2025-04-15 09:53:38,060 [Worker-11: Launching mavenrun-8d52c6a9-a631-47c3-9e02-4ffd15c0a558] INFO  o.eclipse.m2e.core.internal.Bundles - 	Entry: /Users/gsaisam/.p2/pool/plugins/org.eclipse.m2e.maven.runtime_3.9.700.20240602-2313/jars/maven-resolver-connector-basic-1.9.20.jar
2025-04-15 09:53:38,060 [Worker-11: Launching mavenrun-8d52c6a9-a631-47c3-9e02-4ffd15c0a558] INFO  o.eclipse.m2e.core.internal.Bundles - 	Entry: /Users/gsaisam/.p2/pool/plugins/org.eclipse.m2e.maven.runtime_3.9.700.20240602-2313/jars/maven-resolver-impl-1.9.20.jar
2025-04-15 09:53:38,060 [Worker-11: Launching mavenrun-8d52c6a9-a631-47c3-9e02-4ffd15c0a558] INFO  o.eclipse.m2e.core.internal.Bundles - 	Entry: /Users/gsaisam/.p2/pool/plugins/org.eclipse.m2e.maven.runtime_3.9.700.20240602-2313/jars/maven-resolver-named-locks-1.9.20.jar
2025-04-15 09:53:38,060 [Worker-11: Launching mavenrun-8d52c6a9-a631-47c3-9e02-4ffd15c0a558] INFO  o.eclipse.m2e.core.internal.Bundles - 	Entry: /Users/gsaisam/.p2/pool/plugins/org.eclipse.m2e.maven.runtime_3.9.700.20240602-2313/jars/maven-resolver-provider-3.9.7.jar
2025-04-15 09:53:38,060 [Worker-11: Launching mavenrun-8d52c6a9-a631-47c3-9e02-4ffd15c0a558] INFO  o.eclipse.m2e.core.internal.Bundles - 	Entry: /Users/gsaisam/.p2/pool/plugins/org.eclipse.m2e.maven.runtime_3.9.700.20240602-2313/jars/maven-resolver-spi-1.9.20.jar
2025-04-15 09:53:38,060 [Worker-11: Launching mavenrun-8d52c6a9-a631-47c3-9e02-4ffd15c0a558] INFO  o.eclipse.m2e.core.internal.Bundles - 	Entry: /Users/gsaisam/.p2/pool/plugins/org.eclipse.m2e.maven.runtime_3.9.700.20240602-2313/jars/maven-resolver-transport-file-1.9.20.jar
2025-04-15 09:53:38,060 [Worker-11: Launching mavenrun-8d52c6a9-a631-47c3-9e02-4ffd15c0a558] INFO  o.eclipse.m2e.core.internal.Bundles - 	Entry: /Users/gsaisam/.p2/pool/plugins/org.eclipse.m2e.maven.runtime_3.9.700.20240602-2313/jars/maven-resolver-transport-http-1.9.20.jar
2025-04-15 09:53:38,060 [Worker-11: Launching mavenrun-8d52c6a9-a631-47c3-9e02-4ffd15c0a558] INFO  o.eclipse.m2e.core.internal.Bundles - 	Entry: /Users/gsaisam/.p2/pool/plugins/org.eclipse.m2e.maven.runtime_3.9.700.20240602-2313/jars/maven-resolver-transport-wagon-1.9.20.jar
2025-04-15 09:53:38,060 [Worker-11: Launching mavenrun-8d52c6a9-a631-47c3-9e02-4ffd15c0a558] INFO  o.eclipse.m2e.core.internal.Bundles - 	Entry: /Users/gsaisam/.p2/pool/plugins/org.eclipse.m2e.maven.runtime_3.9.700.20240602-2313/jars/maven-resolver-util-1.9.20.jar
2025-04-15 09:53:38,060 [Worker-11: Launching mavenrun-8d52c6a9-a631-47c3-9e02-4ffd15c0a558] INFO  o.eclipse.m2e.core.internal.Bundles - 	Entry: /Users/gsaisam/.p2/pool/plugins/org.eclipse.m2e.maven.runtime_3.9.700.20240602-2313/jars/maven-settings-3.9.7.jar
2025-04-15 09:53:38,060 [Worker-11: Launching mavenrun-8d52c6a9-a631-47c3-9e02-4ffd15c0a558] INFO  o.eclipse.m2e.core.internal.Bundles - 	Entry: /Users/gsaisam/.p2/pool/plugins/org.eclipse.m2e.maven.runtime_3.9.700.20240602-2313/jars/maven-settings-builder-3.9.7.jar
2025-04-15 09:53:38,060 [Worker-11: Launching mavenrun-8d52c6a9-a631-47c3-9e02-4ffd15c0a558] INFO  o.eclipse.m2e.core.internal.Bundles - 	Entry: /Users/gsaisam/.p2/pool/plugins/org.eclipse.m2e.maven.runtime_3.9.700.20240602-2313/jars/maven-shared-utils-3.4.2.jar
2025-04-15 09:53:38,060 [Worker-11: Launching mavenrun-8d52c6a9-a631-47c3-9e02-4ffd15c0a558] INFO  o.eclipse.m2e.core.internal.Bundles - 	Entry: /Users/gsaisam/.p2/pool/plugins/org.eclipse.m2e.maven.runtime_3.9.700.20240602-2313/jars/org.eclipse.sisu.inject-0.9.0.M2.jar
2025-04-15 09:53:38,060 [Worker-11: Launching mavenrun-8d52c6a9-a631-47c3-9e02-4ffd15c0a558] INFO  o.eclipse.m2e.core.internal.Bundles - 	Entry: /Users/gsaisam/.p2/pool/plugins/org.eclipse.m2e.maven.runtime_3.9.700.20240602-2313/jars/org.eclipse.sisu.plexus-0.9.0.M2.jar
2025-04-15 09:53:38,060 [Worker-11: Launching mavenrun-8d52c6a9-a631-47c3-9e02-4ffd15c0a558] INFO  o.eclipse.m2e.core.internal.Bundles - 	Entry: /Users/gsaisam/.p2/pool/plugins/org.eclipse.m2e.maven.runtime_3.9.700.20240602-2313/jars/plexus-build-api-0.0.7.jar
2025-04-15 09:53:38,060 [Worker-11: Launching mavenrun-8d52c6a9-a631-47c3-9e02-4ffd15c0a558] INFO  o.eclipse.m2e.core.internal.Bundles - 	Entry: /Users/gsaisam/.p2/pool/plugins/org.eclipse.m2e.maven.runtime_3.9.700.20240602-2313/jars/plexus-build-api-1.2.0.jar
2025-04-15 09:53:38,060 [Worker-11: Launching mavenrun-8d52c6a9-a631-47c3-9e02-4ffd15c0a558] INFO  o.eclipse.m2e.core.internal.Bundles - 	Entry: /Users/gsaisam/.p2/pool/plugins/org.eclipse.m2e.maven.runtime_3.9.700.20240602-2313/jars/plexus-cipher-2.0.jar
2025-04-15 09:53:38,060 [Worker-11: Launching mavenrun-8d52c6a9-a631-47c3-9e02-4ffd15c0a558] INFO  o.eclipse.m2e.core.internal.Bundles - 	Entry: /Users/gsaisam/.p2/pool/plugins/org.eclipse.m2e.maven.runtime_3.9.700.20240602-2313/jars/plexus-classworlds-2.8.0.jar
2025-04-15 09:53:38,060 [Worker-11: Launching mavenrun-8d52c6a9-a631-47c3-9e02-4ffd15c0a558] INFO  o.eclipse.m2e.core.internal.Bundles - 	Entry: /Users/gsaisam/.p2/pool/plugins/org.eclipse.m2e.maven.runtime_3.9.700.20240602-2313/jars/plexus-component-annotations-2.1.0.jar
2025-04-15 09:53:38,060 [Worker-11: Launching mavenrun-8d52c6a9-a631-47c3-9e02-4ffd15c0a558] INFO  o.eclipse.m2e.core.internal.Bundles - 	Entry: /Users/gsaisam/.p2/pool/plugins/org.eclipse.m2e.maven.runtime_3.9.700.20240602-2313/jars/plexus-interpolation-1.27.jar
2025-04-15 09:53:38,060 [Worker-11: Launching mavenrun-8d52c6a9-a631-47c3-9e02-4ffd15c0a558] INFO  o.eclipse.m2e.core.internal.Bundles - 	Entry: /Users/gsaisam/.p2/pool/plugins/org.eclipse.m2e.maven.runtime_3.9.700.20240602-2313/jars/plexus-sec-dispatcher-2.0.jar
2025-04-15 09:53:38,060 [Worker-11: Launching mavenrun-8d52c6a9-a631-47c3-9e02-4ffd15c0a558] INFO  o.eclipse.m2e.core.internal.Bundles - 	Entry: /Users/gsaisam/.p2/pool/plugins/org.eclipse.m2e.maven.runtime_3.9.700.20240602-2313/jars/plexus-utils-3.5.1.jar
2025-04-15 09:53:38,060 [Worker-11: Launching mavenrun-8d52c6a9-a631-47c3-9e02-4ffd15c0a558] INFO  o.eclipse.m2e.core.internal.Bundles - 	Entry: /Users/gsaisam/.p2/pool/plugins/org.eclipse.m2e.maven.runtime_3.9.700.20240602-2313/jars/wagon-file-3.5.3.jar
2025-04-15 09:53:38,060 [Worker-11: Launching mavenrun-8d52c6a9-a631-47c3-9e02-4ffd15c0a558] INFO  o.eclipse.m2e.core.internal.Bundles - 	Entry: /Users/gsaisam/.p2/pool/plugins/org.eclipse.m2e.maven.runtime_3.9.700.20240602-2313/jars/wagon-http-3.5.3.jar
2025-04-15 09:53:38,060 [Worker-11: Launching mavenrun-8d52c6a9-a631-47c3-9e02-4ffd15c0a558] INFO  o.eclipse.m2e.core.internal.Bundles - 	Entry: /Users/gsaisam/.p2/pool/plugins/org.eclipse.m2e.maven.runtime_3.9.700.20240602-2313/jars/wagon-http-shared-3.5.3.jar
2025-04-15 09:53:38,060 [Worker-11: Launching mavenrun-8d52c6a9-a631-47c3-9e02-4ffd15c0a558] INFO  o.eclipse.m2e.core.internal.Bundles - 	Entry: /Users/gsaisam/.p2/pool/plugins/org.eclipse.m2e.maven.runtime_3.9.700.20240602-2313/jars/wagon-provider-api-3.5.3.jar
2025-04-15 09:53:38,062 [Worker-11: Launching mavenrun-8d52c6a9-a631-47c3-9e02-4ffd15c0a558] INFO  o.eclipse.m2e.core.internal.Bundles - getClasspathEntries(Bundle=com.google.guava_33.2.0.jre [16])
2025-04-15 09:53:38,063 [Worker-11: Launching mavenrun-8d52c6a9-a631-47c3-9e02-4ffd15c0a558] INFO  o.eclipse.m2e.core.internal.Bundles - 	Entry: /Users/gsaisam/.p2/pool/plugins/com.google.guava_33.2.0.jre.jar
2025-04-15 09:53:38,063 [Worker-11: Launching mavenrun-8d52c6a9-a631-47c3-9e02-4ffd15c0a558] INFO  o.eclipse.m2e.core.internal.Bundles - getClasspathEntries(Bundle=slf4j.api_2.0.13 [1005])
2025-04-15 09:53:38,063 [Worker-11: Launching mavenrun-8d52c6a9-a631-47c3-9e02-4ffd15c0a558] INFO  o.eclipse.m2e.core.internal.Bundles - 	Entry: /Users/gsaisam/.p2/pool/plugins/slf4j.api_2.0.13.jar
2025-04-15 09:53:38,063 [Worker-11: Launching mavenrun-8d52c6a9-a631-47c3-9e02-4ffd15c0a558] INFO  o.eclipse.m2e.core.internal.Bundles - getClasspathEntries(Bundle=jakarta.inject.jakarta.inject-api_1.0.5 [33])
2025-04-15 09:53:38,064 [Worker-11: Launching mavenrun-8d52c6a9-a631-47c3-9e02-4ffd15c0a558] INFO  o.eclipse.m2e.core.internal.Bundles - 	Entry: /Users/gsaisam/.p2/pool/plugins/jakarta.inject.jakarta.inject-api_1.0.5.jar
2025-04-15 09:53:38,064 [Worker-11: Launching mavenrun-8d52c6a9-a631-47c3-9e02-4ffd15c0a558] INFO  o.eclipse.m2e.core.internal.Bundles - getClasspathEntries(Bundle=javax.annotation_1.3.5.v20200909-1856 [44])
2025-04-15 09:53:38,064 [Worker-11: Launching mavenrun-8d52c6a9-a631-47c3-9e02-4ffd15c0a558] INFO  o.eclipse.m2e.core.internal.Bundles - 	Entry: /Users/gsaisam/.p2/pool/plugins/javax.annotation_1.3.5.v20200909-1856.jar
2025-04-15 09:53:38,064 [Worker-11: Launching mavenrun-8d52c6a9-a631-47c3-9e02-4ffd15c0a558] INFO  o.eclipse.m2e.core.internal.Bundles - getClasspathEntries(Bundle=org.apache.commons.cli_1.8.0 [78])
2025-04-15 09:53:38,064 [Worker-11: Launching mavenrun-8d52c6a9-a631-47c3-9e02-4ffd15c0a558] INFO  o.eclipse.m2e.core.internal.Bundles - 	Entry: /Users/gsaisam/.p2/pool/plugins/org.apache.commons.cli_1.8.0.jar
2025-04-15 09:53:38,064 [Worker-11: Launching mavenrun-8d52c6a9-a631-47c3-9e02-4ffd15c0a558] INFO  o.eclipse.m2e.core.internal.Bundles - getClasspathEntries(Bundle=org.apache.commons.commons-codec_1.16.0 [81])
2025-04-15 09:53:38,065 [Worker-11: Launching mavenrun-8d52c6a9-a631-47c3-9e02-4ffd15c0a558] INFO  o.eclipse.m2e.core.internal.Bundles - 	Entry: /Users/gsaisam/.p2/pool/plugins/org.apache.commons.commons-codec_1.16.0.jar
2025-04-15 09:53:38,065 [Worker-11: Launching mavenrun-8d52c6a9-a631-47c3-9e02-4ffd15c0a558] INFO  o.eclipse.m2e.core.internal.Bundles - getClasspathEntries(Bundle=org.apache.commons.lang3_3.14.0 [89])
2025-04-15 09:53:38,065 [Worker-11: Launching mavenrun-8d52c6a9-a631-47c3-9e02-4ffd15c0a558] INFO  o.eclipse.m2e.core.internal.Bundles - 	Entry: /Users/gsaisam/.p2/pool/plugins/org.apache.commons.lang3_3.14.0.jar
2025-04-15 09:53:38,065 [Worker-11: Launching mavenrun-8d52c6a9-a631-47c3-9e02-4ffd15c0a558] INFO  o.eclipse.m2e.core.internal.Bundles - getClasspathEntries(Bundle=com.google.guava.failureaccess_1.0.2 [17])
2025-04-15 09:53:38,065 [Worker-11: Launching mavenrun-8d52c6a9-a631-47c3-9e02-4ffd15c0a558] INFO  o.eclipse.m2e.core.internal.Bundles - 	Entry: /Users/gsaisam/.p2/pool/plugins/com.google.guava.failureaccess_1.0.2.jar
2025-04-15 09:53:38,079 [Worker-11: Launching mavenrun-8d52c6a9-a631-47c3-9e02-4ffd15c0a558] INFO  o.e.m.i.launch.MavenLaunchDelegate - Run build in "/var/folders/wd/kvvcqrws71b85wdf28kcls780000gn/T/m2e-archetypeGenerator11959973790708512296":
2025-04-15 09:53:38,086 [Worker-11: Launching mavenrun-8d52c6a9-a631-47c3-9e02-4ffd15c0a558] INFO  o.e.m.i.launch.MavenLaunchDelegate -  mvn  -DarchetypeGroupId=org.apache.maven.archetypes -DarchetypeArtifactId=maven-archetype-webapp -DarchetypeVersion=1.0 -DgroupId=com.sampath -DartifactId=SpringMVCWebApp -Dversion=0.0.1-SNAPSHOT -Dpackage=com.sampath.SpringMVCWebApp -DoutputDirectory=/Users/gsaisam/eclipse-workspace/springWebMvc -Dstyle.color=always -U archetype:generate
2025-04-15 10:00:14,150 [Worker-8: Loading available Gradle versions] INFO  o.e.b.c.i.u.g.PublishedGradleVersions - Gradle version information cache is up-to-date. Trying to read.
2025-04-15 10:01:43,641 [Worker-21: Launching mavenrun-8009f7fa-d6a0-4192-a2fd-e993ec7aafbf] INFO  o.eclipse.m2e.core.internal.Bundles - getClasspathEntries(Bundle=org.eclipse.m2e.maven.runtime_3.9.700.20240602-2313 [640])
2025-04-15 10:01:43,649 [Worker-21: Launching mavenrun-8009f7fa-d6a0-4192-a2fd-e993ec7aafbf] INFO  o.eclipse.m2e.core.internal.Bundles - 	Entry: /Users/gsaisam/.p2/pool/plugins/org.eclipse.m2e.maven.runtime_3.9.700.20240602-2313
2025-04-15 10:01:43,649 [Worker-21: Launching mavenrun-8009f7fa-d6a0-4192-a2fd-e993ec7aafbf] INFO  o.eclipse.m2e.core.internal.Bundles - 	Entry: /Users/gsaisam/.p2/pool/plugins/org.eclipse.m2e.maven.runtime_3.9.700.20240602-2313/jars/aopalliance-1.0.jar
2025-04-15 10:01:43,649 [Worker-21: Launching mavenrun-8009f7fa-d6a0-4192-a2fd-e993ec7aafbf] INFO  o.eclipse.m2e.core.internal.Bundles - 	Entry: /Users/gsaisam/.p2/pool/plugins/org.eclipse.m2e.maven.runtime_3.9.700.20240602-2313/jars/guice-5.1.0.jar
2025-04-15 10:01:43,649 [Worker-21: Launching mavenrun-8009f7fa-d6a0-4192-a2fd-e993ec7aafbf] INFO  o.eclipse.m2e.core.internal.Bundles - 	Entry: /Users/gsaisam/.p2/pool/plugins/org.eclipse.m2e.maven.runtime_3.9.700.20240602-2313/jars/httpclient-4.5.14.jar
2025-04-15 10:01:43,649 [Worker-21: Launching mavenrun-8009f7fa-d6a0-4192-a2fd-e993ec7aafbf] INFO  o.eclipse.m2e.core.internal.Bundles - 	Entry: /Users/gsaisam/.p2/pool/plugins/org.eclipse.m2e.maven.runtime_3.9.700.20240602-2313/jars/httpcore-4.4.16.jar
2025-04-15 10:01:43,649 [Worker-21: Launching mavenrun-8009f7fa-d6a0-4192-a2fd-e993ec7aafbf] INFO  o.eclipse.m2e.core.internal.Bundles - 	Entry: /Users/gsaisam/.p2/pool/plugins/org.eclipse.m2e.maven.runtime_3.9.700.20240602-2313/jars/jansi-2.4.1.jar
2025-04-15 10:01:43,649 [Worker-21: Launching mavenrun-8009f7fa-d6a0-4192-a2fd-e993ec7aafbf] INFO  o.eclipse.m2e.core.internal.Bundles - 	Entry: /Users/gsaisam/.p2/pool/plugins/org.eclipse.m2e.maven.runtime_3.9.700.20240602-2313/jars/jcl-over-slf4j-1.7.36.jar
2025-04-15 10:01:43,650 [Worker-21: Launching mavenrun-8009f7fa-d6a0-4192-a2fd-e993ec7aafbf] INFO  o.eclipse.m2e.core.internal.Bundles - 	Entry: /Users/gsaisam/.p2/pool/plugins/org.eclipse.m2e.maven.runtime_3.9.700.20240602-2313/jars/maven-artifact-3.9.7.jar
2025-04-15 10:01:43,650 [Worker-21: Launching mavenrun-8009f7fa-d6a0-4192-a2fd-e993ec7aafbf] INFO  o.eclipse.m2e.core.internal.Bundles - 	Entry: /Users/gsaisam/.p2/pool/plugins/org.eclipse.m2e.maven.runtime_3.9.700.20240602-2313/jars/maven-builder-support-3.9.7.jar
2025-04-15 10:01:43,650 [Worker-21: Launching mavenrun-8009f7fa-d6a0-4192-a2fd-e993ec7aafbf] INFO  o.eclipse.m2e.core.internal.Bundles - 	Entry: /Users/gsaisam/.p2/pool/plugins/org.eclipse.m2e.maven.runtime_3.9.700.20240602-2313/jars/maven-compat-3.9.7.jar
2025-04-15 10:01:43,650 [Worker-21: Launching mavenrun-8009f7fa-d6a0-4192-a2fd-e993ec7aafbf] INFO  o.eclipse.m2e.core.internal.Bundles - 	Entry: /Users/gsaisam/.p2/pool/plugins/org.eclipse.m2e.maven.runtime_3.9.700.20240602-2313/jars/maven-core-3.9.7.jar
2025-04-15 10:01:43,650 [Worker-21: Launching mavenrun-8009f7fa-d6a0-4192-a2fd-e993ec7aafbf] INFO  o.eclipse.m2e.core.internal.Bundles - 	Entry: /Users/gsaisam/.p2/pool/plugins/org.eclipse.m2e.maven.runtime_3.9.700.20240602-2313/jars/maven-embedder-3.9.7.jar
2025-04-15 10:01:43,650 [Worker-21: Launching mavenrun-8009f7fa-d6a0-4192-a2fd-e993ec7aafbf] INFO  o.eclipse.m2e.core.internal.Bundles - 	Entry: /Users/gsaisam/.p2/pool/plugins/org.eclipse.m2e.maven.runtime_3.9.700.20240602-2313/jars/maven-model-3.9.7.jar
2025-04-15 10:01:43,650 [Worker-21: Launching mavenrun-8009f7fa-d6a0-4192-a2fd-e993ec7aafbf] INFO  o.eclipse.m2e.core.internal.Bundles - 	Entry: /Users/gsaisam/.p2/pool/plugins/org.eclipse.m2e.maven.runtime_3.9.700.20240602-2313/jars/maven-model-builder-3.9.7.jar
2025-04-15 10:01:43,650 [Worker-21: Launching mavenrun-8009f7fa-d6a0-4192-a2fd-e993ec7aafbf] INFO  o.eclipse.m2e.core.internal.Bundles - 	Entry: /Users/gsaisam/.p2/pool/plugins/org.eclipse.m2e.maven.runtime_3.9.700.20240602-2313/jars/maven-plugin-api-3.9.7.jar
2025-04-15 10:01:43,650 [Worker-21: Launching mavenrun-8009f7fa-d6a0-4192-a2fd-e993ec7aafbf] INFO  o.eclipse.m2e.core.internal.Bundles - 	Entry: /Users/gsaisam/.p2/pool/plugins/org.eclipse.m2e.maven.runtime_3.9.700.20240602-2313/jars/maven-repository-metadata-3.9.7.jar
2025-04-15 10:01:43,650 [Worker-21: Launching mavenrun-8009f7fa-d6a0-4192-a2fd-e993ec7aafbf] INFO  o.eclipse.m2e.core.internal.Bundles - 	Entry: /Users/gsaisam/.p2/pool/plugins/org.eclipse.m2e.maven.runtime_3.9.700.20240602-2313/jars/maven-resolver-api-1.9.20.jar
2025-04-15 10:01:43,650 [Worker-21: Launching mavenrun-8009f7fa-d6a0-4192-a2fd-e993ec7aafbf] INFO  o.eclipse.m2e.core.internal.Bundles - 	Entry: /Users/gsaisam/.p2/pool/plugins/org.eclipse.m2e.maven.runtime_3.9.700.20240602-2313/jars/maven-resolver-connector-basic-1.9.20.jar
2025-04-15 10:01:43,650 [Worker-21: Launching mavenrun-8009f7fa-d6a0-4192-a2fd-e993ec7aafbf] INFO  o.eclipse.m2e.core.internal.Bundles - 	Entry: /Users/gsaisam/.p2/pool/plugins/org.eclipse.m2e.maven.runtime_3.9.700.20240602-2313/jars/maven-resolver-impl-1.9.20.jar
2025-04-15 10:01:43,650 [Worker-21: Launching mavenrun-8009f7fa-d6a0-4192-a2fd-e993ec7aafbf] INFO  o.eclipse.m2e.core.internal.Bundles - 	Entry: /Users/gsaisam/.p2/pool/plugins/org.eclipse.m2e.maven.runtime_3.9.700.20240602-2313/jars/maven-resolver-named-locks-1.9.20.jar
2025-04-15 10:01:43,650 [Worker-21: Launching mavenrun-8009f7fa-d6a0-4192-a2fd-e993ec7aafbf] INFO  o.eclipse.m2e.core.internal.Bundles - 	Entry: /Users/gsaisam/.p2/pool/plugins/org.eclipse.m2e.maven.runtime_3.9.700.20240602-2313/jars/maven-resolver-provider-3.9.7.jar
2025-04-15 10:01:43,650 [Worker-21: Launching mavenrun-8009f7fa-d6a0-4192-a2fd-e993ec7aafbf] INFO  o.eclipse.m2e.core.internal.Bundles - 	Entry: /Users/gsaisam/.p2/pool/plugins/org.eclipse.m2e.maven.runtime_3.9.700.20240602-2313/jars/maven-resolver-spi-1.9.20.jar
2025-04-15 10:01:43,650 [Worker-21: Launching mavenrun-8009f7fa-d6a0-4192-a2fd-e993ec7aafbf] INFO  o.eclipse.m2e.core.internal.Bundles - 	Entry: /Users/gsaisam/.p2/pool/plugins/org.eclipse.m2e.maven.runtime_3.9.700.20240602-2313/jars/maven-resolver-transport-file-1.9.20.jar
2025-04-15 10:01:43,650 [Worker-21: Launching mavenrun-8009f7fa-d6a0-4192-a2fd-e993ec7aafbf] INFO  o.eclipse.m2e.core.internal.Bundles - 	Entry: /Users/gsaisam/.p2/pool/plugins/org.eclipse.m2e.maven.runtime_3.9.700.20240602-2313/jars/maven-resolver-transport-http-1.9.20.jar
2025-04-15 10:01:43,650 [Worker-21: Launching mavenrun-8009f7fa-d6a0-4192-a2fd-e993ec7aafbf] INFO  o.eclipse.m2e.core.internal.Bundles - 	Entry: /Users/gsaisam/.p2/pool/plugins/org.eclipse.m2e.maven.runtime_3.9.700.20240602-2313/jars/maven-resolver-transport-wagon-1.9.20.jar
2025-04-15 10:01:43,650 [Worker-21: Launching mavenrun-8009f7fa-d6a0-4192-a2fd-e993ec7aafbf] INFO  o.eclipse.m2e.core.internal.Bundles - 	Entry: /Users/gsaisam/.p2/pool/plugins/org.eclipse.m2e.maven.runtime_3.9.700.20240602-2313/jars/maven-resolver-util-1.9.20.jar
2025-04-15 10:01:43,650 [Worker-21: Launching mavenrun-8009f7fa-d6a0-4192-a2fd-e993ec7aafbf] INFO  o.eclipse.m2e.core.internal.Bundles - 	Entry: /Users/gsaisam/.p2/pool/plugins/org.eclipse.m2e.maven.runtime_3.9.700.20240602-2313/jars/maven-settings-3.9.7.jar
2025-04-15 10:01:43,650 [Worker-21: Launching mavenrun-8009f7fa-d6a0-4192-a2fd-e993ec7aafbf] INFO  o.eclipse.m2e.core.internal.Bundles - 	Entry: /Users/gsaisam/.p2/pool/plugins/org.eclipse.m2e.maven.runtime_3.9.700.20240602-2313/jars/maven-settings-builder-3.9.7.jar
2025-04-15 10:01:43,651 [Worker-21: Launching mavenrun-8009f7fa-d6a0-4192-a2fd-e993ec7aafbf] INFO  o.eclipse.m2e.core.internal.Bundles - 	Entry: /Users/gsaisam/.p2/pool/plugins/org.eclipse.m2e.maven.runtime_3.9.700.20240602-2313/jars/maven-shared-utils-3.4.2.jar
2025-04-15 10:01:43,651 [Worker-21: Launching mavenrun-8009f7fa-d6a0-4192-a2fd-e993ec7aafbf] INFO  o.eclipse.m2e.core.internal.Bundles - 	Entry: /Users/gsaisam/.p2/pool/plugins/org.eclipse.m2e.maven.runtime_3.9.700.20240602-2313/jars/org.eclipse.sisu.inject-0.9.0.M2.jar
2025-04-15 10:01:43,651 [Worker-21: Launching mavenrun-8009f7fa-d6a0-4192-a2fd-e993ec7aafbf] INFO  o.eclipse.m2e.core.internal.Bundles - 	Entry: /Users/gsaisam/.p2/pool/plugins/org.eclipse.m2e.maven.runtime_3.9.700.20240602-2313/jars/org.eclipse.sisu.plexus-0.9.0.M2.jar
2025-04-15 10:01:43,651 [Worker-21: Launching mavenrun-8009f7fa-d6a0-4192-a2fd-e993ec7aafbf] INFO  o.eclipse.m2e.core.internal.Bundles - 	Entry: /Users/gsaisam/.p2/pool/plugins/org.eclipse.m2e.maven.runtime_3.9.700.20240602-2313/jars/plexus-build-api-0.0.7.jar
2025-04-15 10:01:43,651 [Worker-21: Launching mavenrun-8009f7fa-d6a0-4192-a2fd-e993ec7aafbf] INFO  o.eclipse.m2e.core.internal.Bundles - 	Entry: /Users/gsaisam/.p2/pool/plugins/org.eclipse.m2e.maven.runtime_3.9.700.20240602-2313/jars/plexus-build-api-1.2.0.jar
2025-04-15 10:01:43,651 [Worker-21: Launching mavenrun-8009f7fa-d6a0-4192-a2fd-e993ec7aafbf] INFO  o.eclipse.m2e.core.internal.Bundles - 	Entry: /Users/gsaisam/.p2/pool/plugins/org.eclipse.m2e.maven.runtime_3.9.700.20240602-2313/jars/plexus-cipher-2.0.jar
2025-04-15 10:01:43,651 [Worker-21: Launching mavenrun-8009f7fa-d6a0-4192-a2fd-e993ec7aafbf] INFO  o.eclipse.m2e.core.internal.Bundles - 	Entry: /Users/gsaisam/.p2/pool/plugins/org.eclipse.m2e.maven.runtime_3.9.700.20240602-2313/jars/plexus-classworlds-2.8.0.jar
2025-04-15 10:01:43,651 [Worker-21: Launching mavenrun-8009f7fa-d6a0-4192-a2fd-e993ec7aafbf] INFO  o.eclipse.m2e.core.internal.Bundles - 	Entry: /Users/gsaisam/.p2/pool/plugins/org.eclipse.m2e.maven.runtime_3.9.700.20240602-2313/jars/plexus-component-annotations-2.1.0.jar
2025-04-15 10:01:43,651 [Worker-21: Launching mavenrun-8009f7fa-d6a0-4192-a2fd-e993ec7aafbf] INFO  o.eclipse.m2e.core.internal.Bundles - 	Entry: /Users/gsaisam/.p2/pool/plugins/org.eclipse.m2e.maven.runtime_3.9.700.20240602-2313/jars/plexus-interpolation-1.27.jar
2025-04-15 10:01:43,651 [Worker-21: Launching mavenrun-8009f7fa-d6a0-4192-a2fd-e993ec7aafbf] INFO  o.eclipse.m2e.core.internal.Bundles - 	Entry: /Users/gsaisam/.p2/pool/plugins/org.eclipse.m2e.maven.runtime_3.9.700.20240602-2313/jars/plexus-sec-dispatcher-2.0.jar
2025-04-15 10:01:43,651 [Worker-21: Launching mavenrun-8009f7fa-d6a0-4192-a2fd-e993ec7aafbf] INFO  o.eclipse.m2e.core.internal.Bundles - 	Entry: /Users/gsaisam/.p2/pool/plugins/org.eclipse.m2e.maven.runtime_3.9.700.20240602-2313/jars/plexus-utils-3.5.1.jar
2025-04-15 10:01:43,651 [Worker-21: Launching mavenrun-8009f7fa-d6a0-4192-a2fd-e993ec7aafbf] INFO  o.eclipse.m2e.core.internal.Bundles - 	Entry: /Users/gsaisam/.p2/pool/plugins/org.eclipse.m2e.maven.runtime_3.9.700.20240602-2313/jars/wagon-file-3.5.3.jar
2025-04-15 10:01:43,651 [Worker-21: Launching mavenrun-8009f7fa-d6a0-4192-a2fd-e993ec7aafbf] INFO  o.eclipse.m2e.core.internal.Bundles - 	Entry: /Users/gsaisam/.p2/pool/plugins/org.eclipse.m2e.maven.runtime_3.9.700.20240602-2313/jars/wagon-http-3.5.3.jar
2025-04-15 10:01:43,651 [Worker-21: Launching mavenrun-8009f7fa-d6a0-4192-a2fd-e993ec7aafbf] INFO  o.eclipse.m2e.core.internal.Bundles - 	Entry: /Users/gsaisam/.p2/pool/plugins/org.eclipse.m2e.maven.runtime_3.9.700.20240602-2313/jars/wagon-http-shared-3.5.3.jar
2025-04-15 10:01:43,651 [Worker-21: Launching mavenrun-8009f7fa-d6a0-4192-a2fd-e993ec7aafbf] INFO  o.eclipse.m2e.core.internal.Bundles - 	Entry: /Users/gsaisam/.p2/pool/plugins/org.eclipse.m2e.maven.runtime_3.9.700.20240602-2313/jars/wagon-provider-api-3.5.3.jar
2025-04-15 10:01:43,652 [Worker-21: Launching mavenrun-8009f7fa-d6a0-4192-a2fd-e993ec7aafbf] INFO  o.eclipse.m2e.core.internal.Bundles - getClasspathEntries(Bundle=com.google.guava_33.2.0.jre [16])
2025-04-15 10:01:43,652 [Worker-21: Launching mavenrun-8009f7fa-d6a0-4192-a2fd-e993ec7aafbf] INFO  o.eclipse.m2e.core.internal.Bundles - 	Entry: /Users/gsaisam/.p2/pool/plugins/com.google.guava_33.2.0.jre.jar
2025-04-15 10:01:43,652 [Worker-21: Launching mavenrun-8009f7fa-d6a0-4192-a2fd-e993ec7aafbf] INFO  o.eclipse.m2e.core.internal.Bundles - getClasspathEntries(Bundle=slf4j.api_2.0.13 [1005])
2025-04-15 10:01:43,652 [Worker-21: Launching mavenrun-8009f7fa-d6a0-4192-a2fd-e993ec7aafbf] INFO  o.eclipse.m2e.core.internal.Bundles - 	Entry: /Users/gsaisam/.p2/pool/plugins/slf4j.api_2.0.13.jar
2025-04-15 10:01:43,652 [Worker-21: Launching mavenrun-8009f7fa-d6a0-4192-a2fd-e993ec7aafbf] INFO  o.eclipse.m2e.core.internal.Bundles - getClasspathEntries(Bundle=jakarta.inject.jakarta.inject-api_1.0.5 [33])
2025-04-15 10:01:43,652 [Worker-21: Launching mavenrun-8009f7fa-d6a0-4192-a2fd-e993ec7aafbf] INFO  o.eclipse.m2e.core.internal.Bundles - 	Entry: /Users/gsaisam/.p2/pool/plugins/jakarta.inject.jakarta.inject-api_1.0.5.jar
2025-04-15 10:01:43,652 [Worker-21: Launching mavenrun-8009f7fa-d6a0-4192-a2fd-e993ec7aafbf] INFO  o.eclipse.m2e.core.internal.Bundles - getClasspathEntries(Bundle=javax.annotation_1.3.5.v20200909-1856 [44])
2025-04-15 10:01:43,652 [Worker-21: Launching mavenrun-8009f7fa-d6a0-4192-a2fd-e993ec7aafbf] INFO  o.eclipse.m2e.core.internal.Bundles - 	Entry: /Users/gsaisam/.p2/pool/plugins/javax.annotation_1.3.5.v20200909-1856.jar
2025-04-15 10:01:43,652 [Worker-21: Launching mavenrun-8009f7fa-d6a0-4192-a2fd-e993ec7aafbf] INFO  o.eclipse.m2e.core.internal.Bundles - getClasspathEntries(Bundle=org.apache.commons.cli_1.8.0 [78])
2025-04-15 10:01:43,652 [Worker-21: Launching mavenrun-8009f7fa-d6a0-4192-a2fd-e993ec7aafbf] INFO  o.eclipse.m2e.core.internal.Bundles - 	Entry: /Users/gsaisam/.p2/pool/plugins/org.apache.commons.cli_1.8.0.jar
2025-04-15 10:01:43,652 [Worker-21: Launching mavenrun-8009f7fa-d6a0-4192-a2fd-e993ec7aafbf] INFO  o.eclipse.m2e.core.internal.Bundles - getClasspathEntries(Bundle=org.apache.commons.commons-codec_1.16.0 [81])
2025-04-15 10:01:43,653 [Worker-21: Launching mavenrun-8009f7fa-d6a0-4192-a2fd-e993ec7aafbf] INFO  o.eclipse.m2e.core.internal.Bundles - 	Entry: /Users/gsaisam/.p2/pool/plugins/org.apache.commons.commons-codec_1.16.0.jar
2025-04-15 10:01:43,653 [Worker-21: Launching mavenrun-8009f7fa-d6a0-4192-a2fd-e993ec7aafbf] INFO  o.eclipse.m2e.core.internal.Bundles - getClasspathEntries(Bundle=org.apache.commons.lang3_3.14.0 [89])
2025-04-15 10:01:43,653 [Worker-21: Launching mavenrun-8009f7fa-d6a0-4192-a2fd-e993ec7aafbf] INFO  o.eclipse.m2e.core.internal.Bundles - 	Entry: /Users/gsaisam/.p2/pool/plugins/org.apache.commons.lang3_3.14.0.jar
2025-04-15 10:01:43,653 [Worker-21: Launching mavenrun-8009f7fa-d6a0-4192-a2fd-e993ec7aafbf] INFO  o.eclipse.m2e.core.internal.Bundles - getClasspathEntries(Bundle=com.google.guava.failureaccess_1.0.2 [17])
2025-04-15 10:01:43,653 [Worker-21: Launching mavenrun-8009f7fa-d6a0-4192-a2fd-e993ec7aafbf] INFO  o.eclipse.m2e.core.internal.Bundles - 	Entry: /Users/gsaisam/.p2/pool/plugins/com.google.guava.failureaccess_1.0.2.jar
2025-04-15 10:01:43,656 [Worker-21: Launching mavenrun-8009f7fa-d6a0-4192-a2fd-e993ec7aafbf] INFO  o.e.m.i.launch.MavenLaunchDelegate - Run build in "/var/folders/wd/kvvcqrws71b85wdf28kcls780000gn/T/m2e-archetypeGenerator15429585504794734969":
2025-04-15 10:01:43,658 [Worker-21: Launching mavenrun-8009f7fa-d6a0-4192-a2fd-e993ec7aafbf] INFO  o.e.m.i.launch.MavenLaunchDelegate -  mvn  -DarchetypeGroupId=org.apache.maven.archetypes -DarchetypeArtifactId=maven-archetype-webapp -DarchetypeVersion=1.0 -DgroupId=com.sampath -DartifactId=SpringMVCWebApp -Dversion=0.0.1-SNAPSHOT -Dpackage=com.sampath.SpringMVCWebApp -DoutputDirectory=/Users/gsaisam/eclipse-workspace/springWebMvc -Dstyle.color=always -U archetype:generate
2025-04-15 10:09:50,602 [Worker-1: Loading available Gradle versions] INFO  o.e.b.c.i.u.g.PublishedGradleVersions - Gradle version information cache is up-to-date. Trying to read.
2025-04-15 10:10:07,481 [Worker-16: Update Maven projects configuration] INFO  o.e.m.c.i.p.ProjectConfigurationManager - Update started
2025-04-15 10:10:07,792 [Worker-16: Update Maven projects configuration] INFO  o.e.m.c.i.l.LifecycleMappingFactory - Using org.maven.ide.eclipse.wtp.WarLifecycleMapping lifecycle mapping for MavenProject: com.sampath:SpringMVCWebApp:1.0-SNAPSHOT @ /Users/gsaisam/eclipse-workspace/springWebMvc/SpringMVCWebApp/pom.xml.
2025-04-15 10:10:08,124 [Worker-16: Update Maven projects configuration] INFO  o.e.m.j.i.AbstractJavaProjectConfigurator - Adding source folder /SpringMVCWebApp/src/main/java
2025-04-15 10:10:08,125 [Worker-16: Update Maven projects configuration] INFO  o.e.m.j.i.AbstractJavaProjectConfigurator - Adding resource folder /SpringMVCWebApp/src/main/resources
2025-04-15 10:10:08,125 [Worker-16: Update Maven projects configuration] INFO  o.e.m.j.i.AbstractJavaProjectConfigurator - Adding source folder /SpringMVCWebApp/src/test/java
2025-04-15 10:10:08,126 [Worker-16: Update Maven projects configuration] INFO  o.e.m.j.i.AbstractJavaProjectConfigurator - Adding resource folder /SpringMVCWebApp/src/test/resources
2025-04-15 10:10:08,700 [Worker-10: Building] WARN  o.a.m.s.f.DefaultMavenResourcesFiltering - Using platform encoding (UTF-8 actually) to copy filtered resources, i.e. build is platform dependent!
2025-04-15 10:10:08,706 [Worker-10: Building] INFO  o.a.m.s.f.DefaultMavenResourcesFiltering - Copying 0 resource from src/main/resources to target/classes
2025-04-15 10:10:08,708 [Worker-10: Building] WARN  o.a.m.s.f.DefaultMavenResourcesFiltering - Using platform encoding (UTF-8 actually) to copy filtered resources, i.e. build is platform dependent!
2025-04-15 10:10:08,709 [Worker-10: Building] INFO  o.a.m.s.f.DefaultMavenResourcesFiltering - skip non existing resourceDirectory /Users/gsaisam/eclipse-workspace/springWebMvc/SpringMVCWebApp/src/test/resources
2025-04-15 10:10:08,740 [Worker-16: Update Maven projects configuration] INFO  o.e.m.c.i.p.ProjectConfigurationManager - Update completed for 1 poms: local refresh takes 0.00 sec, refresh facades takes 0.00 sec, update config takes 0.00 sec 
2025-04-15 10:10:09,202 [Worker-19: Download sources and javadoc] INFO  o.e.m.c.i.e.AbstractTransferListenerAdapter - Downloading https://repo.maven.apache.org/maven2/junit/junit/3.8.1/junit-3.8.1-sources.jar
2025-04-15 10:10:09,216 [Worker-19: Download sources and javadoc] INFO  o.e.m.c.i.e.AbstractTransferListenerAdapter - Downloaded https://repo.maven.apache.org/maven2/junit/junit/3.8.1/junit-3.8.1-sources.jar
2025-04-15 10:10:09,218 [Worker-19: Download sources and javadoc] INFO  o.e.m.j.internal.DownloadSourcesJob - Downloaded sources for junit:junit:3.8.1
2025-04-15 10:10:09,908 [Worker-19: Building] WARN  o.a.m.s.f.DefaultMavenResourcesFiltering - Using platform encoding (UTF-8 actually) to copy filtered resources, i.e. build is platform dependent!
2025-04-15 10:10:09,911 [Worker-19: Building] INFO  o.a.m.s.f.DefaultMavenResourcesFiltering - Copying 0 resource from src/main/resources to target/classes
2025-04-15 10:10:09,912 [Worker-19: Building] WARN  o.a.m.s.f.DefaultMavenResourcesFiltering - Using platform encoding (UTF-8 actually) to copy filtered resources, i.e. build is platform dependent!
2025-04-15 10:10:09,913 [Worker-19: Building] INFO  o.a.m.s.f.DefaultMavenResourcesFiltering - skip non existing resourceDirectory /Users/gsaisam/eclipse-workspace/springWebMvc/SpringMVCWebApp/src/test/resources
2025-04-15 10:21:31,181 [Worker-24: Building] WARN  o.a.m.s.f.DefaultMavenResourcesFiltering - Using platform encoding (UTF-8 actually) to copy filtered resources, i.e. build is platform dependent!
2025-04-15 10:21:31,184 [Worker-24: Building] INFO  o.a.m.s.f.DefaultMavenResourcesFiltering - Copying 0 resource from src/main/resources to target/classes
2025-04-15 10:21:31,186 [Worker-24: Building] WARN  o.a.m.s.f.DefaultMavenResourcesFiltering - Using platform encoding (UTF-8 actually) to copy filtered resources, i.e. build is platform dependent!
2025-04-15 10:21:31,187 [Worker-24: Building] INFO  o.a.m.s.f.DefaultMavenResourcesFiltering - skip non existing resourceDirectory /Users/gsaisam/eclipse-workspace/springWebMvc/SpringMVCWebApp/src/test/resources
2025-04-15 10:24:34,126 [Worker-26: Building] WARN  o.a.m.s.f.DefaultMavenResourcesFiltering - Using platform encoding (UTF-8 actually) to copy filtered resources, i.e. build is platform dependent!
2025-04-15 10:24:34,133 [Worker-26: Building] INFO  o.a.m.s.f.DefaultMavenResourcesFiltering - Copying 0 resource from src/main/resources to target/classes
2025-04-15 10:24:34,135 [Worker-26: Building] WARN  o.a.m.s.f.DefaultMavenResourcesFiltering - Using platform encoding (UTF-8 actually) to copy filtered resources, i.e. build is platform dependent!
2025-04-15 10:24:34,135 [Worker-26: Building] INFO  o.a.m.s.f.DefaultMavenResourcesFiltering - skip non existing resourceDirectory /Users/gsaisam/eclipse-workspace/springWebMvc/SpringMVCWebApp/src/test/resources
2025-04-15 10:26:43,059 [Worker-27: Building] WARN  o.a.m.s.f.DefaultMavenResourcesFiltering - Using platform encoding (UTF-8 actually) to copy filtered resources, i.e. build is platform dependent!
2025-04-15 10:26:43,062 [Worker-27: Building] INFO  o.a.m.s.f.DefaultMavenResourcesFiltering - Copying 0 resource from src/main/resources to target/classes
2025-04-15 10:26:43,063 [Worker-27: Building] WARN  o.a.m.s.f.DefaultMavenResourcesFiltering - Using platform encoding (UTF-8 actually) to copy filtered resources, i.e. build is platform dependent!
2025-04-15 10:26:43,064 [Worker-27: Building] INFO  o.a.m.s.f.DefaultMavenResourcesFiltering - skip non existing resourceDirectory /Users/gsaisam/eclipse-workspace/springWebMvc/SpringMVCWebApp/src/test/resources
2025-04-15 10:27:29,347 [Worker-26: Building] WARN  o.a.m.s.f.DefaultMavenResourcesFiltering - Using platform encoding (UTF-8 actually) to copy filtered resources, i.e. build is platform dependent!
2025-04-15 10:27:29,349 [Worker-26: Building] INFO  o.a.m.s.f.DefaultMavenResourcesFiltering - Copying 0 resource from src/main/resources to target/classes
2025-04-15 10:27:29,351 [Worker-26: Building] WARN  o.a.m.s.f.DefaultMavenResourcesFiltering - Using platform encoding (UTF-8 actually) to copy filtered resources, i.e. build is platform dependent!
2025-04-15 10:27:29,351 [Worker-26: Building] INFO  o.a.m.s.f.DefaultMavenResourcesFiltering - skip non existing resourceDirectory /Users/gsaisam/eclipse-workspace/springWebMvc/SpringMVCWebApp/src/test/resources
2025-04-15 10:35:23,207 [Worker-32: Building] INFO  o.e.m.c.i.l.LifecycleMappingFactory - Using org.maven.ide.eclipse.wtp.WarLifecycleMapping lifecycle mapping for MavenProject: com.sampath:SpringMVCWebApp:1.0-SNAPSHOT @ /Users/gsaisam/eclipse-workspace/springWebMvc/SpringMVCWebApp/pom.xml.
2025-04-15 10:35:23,317 [Worker-32: Building] INFO  o.e.m.c.i.e.AbstractTransferListenerAdapter - Downloading https://repo.maven.apache.org/maven2/org/springframework/spring-webmvc/6.1.0/spring-webmvc-6.1.0.pom
2025-04-15 10:35:23,319 [Worker-32: Building] INFO  o.e.m.c.i.e.AbstractTransferListenerAdapter - Downloaded https://repo.maven.apache.org/maven2/org/springframework/spring-webmvc/6.1.0/spring-webmvc-6.1.0.pom
2025-04-15 10:35:23,337 [Worker-32: Building] INFO  o.e.m.c.i.e.AbstractTransferListenerAdapter - Downloading https://repo.maven.apache.org/maven2/org/springframework/spring-aop/6.1.0/spring-aop-6.1.0.pom
2025-04-15 10:35:23,338 [Worker-32: Building] INFO  o.e.m.c.i.e.AbstractTransferListenerAdapter - Downloaded https://repo.maven.apache.org/maven2/org/springframework/spring-aop/6.1.0/spring-aop-6.1.0.pom
2025-04-15 10:35:23,355 [Worker-32: Building] INFO  o.e.m.c.i.e.AbstractTransferListenerAdapter - Downloading https://repo.maven.apache.org/maven2/org/springframework/spring-beans/6.1.0/spring-beans-6.1.0.pom
2025-04-15 10:35:23,356 [Worker-32: Building] INFO  o.e.m.c.i.e.AbstractTransferListenerAdapter - Downloaded https://repo.maven.apache.org/maven2/org/springframework/spring-beans/6.1.0/spring-beans-6.1.0.pom
2025-04-15 10:35:23,370 [Worker-32: Building] INFO  o.e.m.c.i.e.AbstractTransferListenerAdapter - Downloading https://repo.maven.apache.org/maven2/org/springframework/spring-core/6.1.0/spring-core-6.1.0.pom
2025-04-15 10:35:23,372 [Worker-32: Building] INFO  o.e.m.c.i.e.AbstractTransferListenerAdapter - Downloaded https://repo.maven.apache.org/maven2/org/springframework/spring-core/6.1.0/spring-core-6.1.0.pom
2025-04-15 10:35:23,386 [Worker-32: Building] INFO  o.e.m.c.i.e.AbstractTransferListenerAdapter - Downloading https://repo.maven.apache.org/maven2/org/springframework/spring-jcl/6.1.0/spring-jcl-6.1.0.pom
2025-04-15 10:35:23,387 [Worker-32: Building] INFO  o.e.m.c.i.e.AbstractTransferListenerAdapter - Downloaded https://repo.maven.apache.org/maven2/org/springframework/spring-jcl/6.1.0/spring-jcl-6.1.0.pom
2025-04-15 10:35:23,404 [Worker-32: Building] INFO  o.e.m.c.i.e.AbstractTransferListenerAdapter - Downloading https://repo.maven.apache.org/maven2/org/springframework/spring-context/6.1.0/spring-context-6.1.0.pom
2025-04-15 10:35:23,405 [Worker-32: Building] INFO  o.e.m.c.i.e.AbstractTransferListenerAdapter - Downloaded https://repo.maven.apache.org/maven2/org/springframework/spring-context/6.1.0/spring-context-6.1.0.pom
2025-04-15 10:35:23,421 [Worker-32: Building] INFO  o.e.m.c.i.e.AbstractTransferListenerAdapter - Downloading https://repo.maven.apache.org/maven2/org/springframework/spring-expression/6.1.0/spring-expression-6.1.0.pom
2025-04-15 10:35:23,426 [Worker-32: Building] INFO  o.e.m.c.i.e.AbstractTransferListenerAdapter - Downloaded https://repo.maven.apache.org/maven2/org/springframework/spring-expression/6.1.0/spring-expression-6.1.0.pom
2025-04-15 10:35:23,441 [Worker-32: Building] INFO  o.e.m.c.i.e.AbstractTransferListenerAdapter - Downloading https://repo.maven.apache.org/maven2/io/micrometer/micrometer-observation/1.12.0/micrometer-observation-1.12.0.pom
2025-04-15 10:35:23,441 [Worker-32: Building] INFO  o.e.m.c.i.e.AbstractTransferListenerAdapter - Downloaded https://repo.maven.apache.org/maven2/io/micrometer/micrometer-observation/1.12.0/micrometer-observation-1.12.0.pom
2025-04-15 10:35:23,460 [Worker-32: Building] INFO  o.e.m.c.i.e.AbstractTransferListenerAdapter - Downloading https://repo.maven.apache.org/maven2/io/micrometer/micrometer-commons/1.12.0/micrometer-commons-1.12.0.pom
2025-04-15 10:35:23,461 [Worker-32: Building] INFO  o.e.m.c.i.e.AbstractTransferListenerAdapter - Downloaded https://repo.maven.apache.org/maven2/io/micrometer/micrometer-commons/1.12.0/micrometer-commons-1.12.0.pom
2025-04-15 10:35:23,476 [Worker-32: Building] INFO  o.e.m.c.i.e.AbstractTransferListenerAdapter - Downloading https://repo.maven.apache.org/maven2/org/springframework/spring-web/6.1.0/spring-web-6.1.0.pom
2025-04-15 10:35:23,477 [Worker-32: Building] INFO  o.e.m.c.i.e.AbstractTransferListenerAdapter - Downloaded https://repo.maven.apache.org/maven2/org/springframework/spring-web/6.1.0/spring-web-6.1.0.pom
2025-04-15 10:35:23,493 [Worker-32: Building] INFO  o.e.m.c.i.e.AbstractTransferListenerAdapter - Downloading https://repo.maven.apache.org/maven2/org/springframework/spring-webmvc/6.1.0/spring-webmvc-6.1.0.jar
2025-04-15 10:35:23,561 [Worker-32: Building] INFO  o.e.m.c.i.e.AbstractTransferListenerAdapter - Downloaded https://repo.maven.apache.org/maven2/org/springframework/spring-webmvc/6.1.0/spring-webmvc-6.1.0.jar
2025-04-15 10:35:23,577 [BasicRepositoryConnector-repo.maven.apache.org-0-0] INFO  o.e.m.c.i.e.AbstractTransferListenerAdapter - Downloading https://repo.maven.apache.org/maven2/org/springframework/spring-aop/6.1.0/spring-aop-6.1.0.jar
2025-04-15 10:35:23,584 [BasicRepositoryConnector-repo.maven.apache.org-0-0] INFO  o.e.m.c.i.e.AbstractTransferListenerAdapter - Downloaded https://repo.maven.apache.org/maven2/org/springframework/spring-aop/6.1.0/spring-aop-6.1.0.jar
2025-04-15 10:35:23,599 [BasicRepositoryConnector-repo.maven.apache.org-0-0] INFO  o.e.m.c.i.e.AbstractTransferListenerAdapter - Downloading https://repo.maven.apache.org/maven2/org/springframework/spring-core/6.1.0/spring-core-6.1.0.jar
2025-04-15 10:35:23,612 [BasicRepositoryConnector-repo.maven.apache.org-0-3] INFO  o.e.m.c.i.e.AbstractTransferListenerAdapter - Downloading https://repo.maven.apache.org/maven2/io/micrometer/micrometer-observation/1.12.0/micrometer-observation-1.12.0.jar
2025-04-15 10:35:23,612 [BasicRepositoryConnector-repo.maven.apache.org-0-4] INFO  o.e.m.c.i.e.AbstractTransferListenerAdapter - Downloading https://repo.maven.apache.org/maven2/io/micrometer/micrometer-commons/1.12.0/micrometer-commons-1.12.0.jar
2025-04-15 10:35:23,620 [BasicRepositoryConnector-repo.maven.apache.org-0-1] INFO  o.e.m.c.i.e.AbstractTransferListenerAdapter - Downloading https://repo.maven.apache.org/maven2/org/springframework/spring-beans/6.1.0/spring-beans-6.1.0.jar
2025-04-15 10:35:23,621 [BasicRepositoryConnector-repo.maven.apache.org-0-2] INFO  o.e.m.c.i.e.AbstractTransferListenerAdapter - Downloading https://repo.maven.apache.org/maven2/org/springframework/spring-context/6.1.0/spring-context-6.1.0.jar
2025-04-15 10:35:23,630 [BasicRepositoryConnector-repo.maven.apache.org-0-4] INFO  o.e.m.c.i.e.AbstractTransferListenerAdapter - Downloaded https://repo.maven.apache.org/maven2/io/micrometer/micrometer-commons/1.12.0/micrometer-commons-1.12.0.jar
2025-04-15 10:35:23,633 [BasicRepositoryConnector-repo.maven.apache.org-0-0] INFO  o.e.m.c.i.e.AbstractTransferListenerAdapter - Downloaded https://repo.maven.apache.org/maven2/org/springframework/spring-core/6.1.0/spring-core-6.1.0.jar
2025-04-15 10:35:23,643 [BasicRepositoryConnector-repo.maven.apache.org-0-4] INFO  o.e.m.c.i.e.AbstractTransferListenerAdapter - Downloading https://repo.maven.apache.org/maven2/org/springframework/spring-jcl/6.1.0/spring-jcl-6.1.0.jar
2025-04-15 10:35:23,649 [BasicRepositoryConnector-repo.maven.apache.org-0-0] INFO  o.e.m.c.i.e.AbstractTransferListenerAdapter - Downloading https://repo.maven.apache.org/maven2/org/springframework/spring-expression/6.1.0/spring-expression-6.1.0.jar
2025-04-15 10:35:23,649 [BasicRepositoryConnector-repo.maven.apache.org-0-4] INFO  o.e.m.c.i.e.AbstractTransferListenerAdapter - Downloaded https://repo.maven.apache.org/maven2/org/springframework/spring-jcl/6.1.0/spring-jcl-6.1.0.jar
2025-04-15 10:35:23,649 [BasicRepositoryConnector-repo.maven.apache.org-0-3] INFO  o.e.m.c.i.e.AbstractTransferListenerAdapter - Downloaded https://repo.maven.apache.org/maven2/io/micrometer/micrometer-observation/1.12.0/micrometer-observation-1.12.0.jar
2025-04-15 10:35:23,654 [BasicRepositoryConnector-repo.maven.apache.org-0-0] INFO  o.e.m.c.i.e.AbstractTransferListenerAdapter - Downloaded https://repo.maven.apache.org/maven2/org/springframework/spring-expression/6.1.0/spring-expression-6.1.0.jar
2025-04-15 10:35:23,666 [BasicRepositoryConnector-repo.maven.apache.org-0-4] INFO  o.e.m.c.i.e.AbstractTransferListenerAdapter - Downloading https://repo.maven.apache.org/maven2/org/springframework/spring-web/6.1.0/spring-web-6.1.0.jar
2025-04-15 10:35:23,699 [BasicRepositoryConnector-repo.maven.apache.org-0-1] INFO  o.e.m.c.i.e.AbstractTransferListenerAdapter - Downloaded https://repo.maven.apache.org/maven2/org/springframework/spring-beans/6.1.0/spring-beans-6.1.0.jar
2025-04-15 10:35:23,716 [BasicRepositoryConnector-repo.maven.apache.org-0-2] INFO  o.e.m.c.i.e.AbstractTransferListenerAdapter - Downloaded https://repo.maven.apache.org/maven2/org/springframework/spring-context/6.1.0/spring-context-6.1.0.jar
2025-04-15 10:35:23,739 [BasicRepositoryConnector-repo.maven.apache.org-0-4] INFO  o.e.m.c.i.e.AbstractTransferListenerAdapter - Downloaded https://repo.maven.apache.org/maven2/org/springframework/spring-web/6.1.0/spring-web-6.1.0.jar
2025-04-15 10:35:24,023 [Worker-32: Building] WARN  o.a.m.s.f.DefaultMavenResourcesFiltering - Using platform encoding (UTF-8 actually) to copy filtered resources, i.e. build is platform dependent!
2025-04-15 10:35:24,025 [Worker-32: Building] INFO  o.a.m.s.f.DefaultMavenResourcesFiltering - Copying 0 resource from src/main/resources to target/classes
2025-04-15 10:35:24,029 [Worker-32: Building] WARN  o.a.m.s.f.DefaultMavenResourcesFiltering - Using platform encoding (UTF-8 actually) to copy filtered resources, i.e. build is platform dependent!
2025-04-15 10:35:24,029 [Worker-32: Building] INFO  o.a.m.s.f.DefaultMavenResourcesFiltering - skip non existing resourceDirectory /Users/gsaisam/eclipse-workspace/springWebMvc/SpringMVCWebApp/src/test/resources
2025-04-15 10:35:24,029 [Worker-32: Building] INFO  o.e.m.w.i.f.ResourceFilteringBuildParticipant - Changed resources require a complete clean of filtered resources of SpringMVCWebApp
2025-04-15 10:35:24,032 [Worker-32: Building] INFO  o.e.m.w.i.f.ResourceFilteringBuildParticipant - Executing resource filtering for SpringMVCWebApp
2025-04-15 10:35:25,073 [Worker-30: Download sources and javadoc] INFO  o.e.m.c.i.e.AbstractTransferListenerAdapter - Downloading https://repo.maven.apache.org/maven2/org/springframework/spring-webmvc/6.1.0/spring-webmvc-6.1.0-sources.jar
2025-04-15 10:35:25,132 [Worker-30: Download sources and javadoc] INFO  o.e.m.c.i.e.AbstractTransferListenerAdapter - Downloaded https://repo.maven.apache.org/maven2/org/springframework/spring-webmvc/6.1.0/spring-webmvc-6.1.0-sources.jar
2025-04-15 10:35:25,133 [Worker-30: Download sources and javadoc] INFO  o.e.m.j.internal.DownloadSourcesJob - Downloaded sources for org.springframework:spring-webmvc:6.1.0
2025-04-15 10:35:25,196 [Worker-30: Download sources and javadoc] INFO  o.e.m.c.i.e.AbstractTransferListenerAdapter - Downloading https://repo.maven.apache.org/maven2/org/springframework/spring-aop/6.1.0/spring-aop-6.1.0-sources.jar
2025-04-15 10:35:25,233 [Worker-30: Download sources and javadoc] INFO  o.e.m.c.i.e.AbstractTransferListenerAdapter - Downloaded https://repo.maven.apache.org/maven2/org/springframework/spring-aop/6.1.0/spring-aop-6.1.0-sources.jar
2025-04-15 10:35:25,233 [Worker-30: Download sources and javadoc] INFO  o.e.m.j.internal.DownloadSourcesJob - Downloaded sources for org.springframework:spring-aop:6.1.0
2025-04-15 10:35:25,301 [Worker-30: Download sources and javadoc] INFO  o.e.m.c.i.e.AbstractTransferListenerAdapter - Downloading https://repo.maven.apache.org/maven2/org/springframework/spring-beans/6.1.0/spring-beans-6.1.0-sources.jar
2025-04-15 10:35:25,353 [Worker-30: Download sources and javadoc] INFO  o.e.m.c.i.e.AbstractTransferListenerAdapter - Downloaded https://repo.maven.apache.org/maven2/org/springframework/spring-beans/6.1.0/spring-beans-6.1.0-sources.jar
2025-04-15 10:35:25,354 [Worker-30: Download sources and javadoc] INFO  o.e.m.j.internal.DownloadSourcesJob - Downloaded sources for org.springframework:spring-beans:6.1.0
2025-04-15 10:35:25,850 [Worker-30: Download sources and javadoc] INFO  o.e.m.c.i.e.AbstractTransferListenerAdapter - Downloading https://repo.maven.apache.org/maven2/org/springframework/spring-context/6.1.0/spring-context-6.1.0-sources.jar
2025-04-15 10:35:25,926 [Worker-30: Download sources and javadoc] INFO  o.e.m.c.i.e.AbstractTransferListenerAdapter - Downloaded https://repo.maven.apache.org/maven2/org/springframework/spring-context/6.1.0/spring-context-6.1.0-sources.jar
2025-04-15 10:35:25,927 [Worker-30: Download sources and javadoc] INFO  o.e.m.j.internal.DownloadSourcesJob - Downloaded sources for org.springframework:spring-context:6.1.0
2025-04-15 10:35:25,993 [Worker-30: Download sources and javadoc] INFO  o.e.m.c.i.e.AbstractTransferListenerAdapter - Downloading https://repo.maven.apache.org/maven2/io/micrometer/micrometer-observation/1.12.0/micrometer-observation-1.12.0-sources.jar
2025-04-15 10:35:26,007 [Worker-30: Download sources and javadoc] INFO  o.e.m.c.i.e.AbstractTransferListenerAdapter - Downloaded https://repo.maven.apache.org/maven2/io/micrometer/micrometer-observation/1.12.0/micrometer-observation-1.12.0-sources.jar
2025-04-15 10:35:26,009 [Worker-30: Download sources and javadoc] INFO  o.e.m.j.internal.DownloadSourcesJob - Downloaded sources for io.micrometer:micrometer-observation:1.12.0
2025-04-15 10:35:26,075 [Worker-30: Download sources and javadoc] INFO  o.e.m.c.i.e.AbstractTransferListenerAdapter - Downloading https://repo.maven.apache.org/maven2/io/micrometer/micrometer-commons/1.12.0/micrometer-commons-1.12.0-sources.jar
2025-04-15 10:35:26,088 [Worker-30: Download sources and javadoc] INFO  o.e.m.c.i.e.AbstractTransferListenerAdapter - Downloaded https://repo.maven.apache.org/maven2/io/micrometer/micrometer-commons/1.12.0/micrometer-commons-1.12.0-sources.jar
2025-04-15 10:35:26,089 [Worker-30: Download sources and javadoc] INFO  o.e.m.j.internal.DownloadSourcesJob - Downloaded sources for io.micrometer:micrometer-commons:1.12.0
2025-04-15 10:35:26,157 [Worker-30: Download sources and javadoc] INFO  o.e.m.c.i.e.AbstractTransferListenerAdapter - Downloading https://repo.maven.apache.org/maven2/org/springframework/spring-core/6.1.0/spring-core-6.1.0-sources.jar
2025-04-15 10:35:26,230 [Worker-30: Download sources and javadoc] INFO  o.e.m.c.i.e.AbstractTransferListenerAdapter - Downloaded https://repo.maven.apache.org/maven2/org/springframework/spring-core/6.1.0/spring-core-6.1.0-sources.jar
2025-04-15 10:35:26,232 [Worker-30: Download sources and javadoc] INFO  o.e.m.j.internal.DownloadSourcesJob - Downloaded sources for org.springframework:spring-core:6.1.0
2025-04-15 10:35:26,294 [Worker-30: Download sources and javadoc] INFO  o.e.m.c.i.e.AbstractTransferListenerAdapter - Downloading https://repo.maven.apache.org/maven2/org/springframework/spring-jcl/6.1.0/spring-jcl-6.1.0-sources.jar
2025-04-15 10:35:26,297 [Worker-30: Download sources and javadoc] INFO  o.e.m.c.i.e.AbstractTransferListenerAdapter - Downloaded https://repo.maven.apache.org/maven2/org/springframework/spring-jcl/6.1.0/spring-jcl-6.1.0-sources.jar
2025-04-15 10:35:26,298 [Worker-30: Download sources and javadoc] INFO  o.e.m.j.internal.DownloadSourcesJob - Downloaded sources for org.springframework:spring-jcl:6.1.0
2025-04-15 10:35:26,364 [Worker-30: Download sources and javadoc] INFO  o.e.m.c.i.e.AbstractTransferListenerAdapter - Downloading https://repo.maven.apache.org/maven2/org/springframework/spring-expression/6.1.0/spring-expression-6.1.0-sources.jar
2025-04-15 10:35:26,397 [Worker-30: Download sources and javadoc] INFO  o.e.m.c.i.e.AbstractTransferListenerAdapter - Downloaded https://repo.maven.apache.org/maven2/org/springframework/spring-expression/6.1.0/spring-expression-6.1.0-sources.jar
2025-04-15 10:35:26,399 [Worker-30: Download sources and javadoc] INFO  o.e.m.j.internal.DownloadSourcesJob - Downloaded sources for org.springframework:spring-expression:6.1.0
2025-04-15 10:35:26,469 [Worker-30: Download sources and javadoc] INFO  o.e.m.c.i.e.AbstractTransferListenerAdapter - Downloading https://repo.maven.apache.org/maven2/org/springframework/spring-web/6.1.0/spring-web-6.1.0-sources.jar
2025-04-15 10:35:26,538 [Worker-30: Download sources and javadoc] INFO  o.e.m.c.i.e.AbstractTransferListenerAdapter - Downloaded https://repo.maven.apache.org/maven2/org/springframework/spring-web/6.1.0/spring-web-6.1.0-sources.jar
2025-04-15 10:35:26,539 [Worker-30: Download sources and javadoc] INFO  o.e.m.j.internal.DownloadSourcesJob - Downloaded sources for org.springframework:spring-web:6.1.0
2025-04-15 10:36:17,009 [Worker-29: Building] WARN  o.a.m.s.f.DefaultMavenResourcesFiltering - Using platform encoding (UTF-8 actually) to copy filtered resources, i.e. build is platform dependent!
2025-04-15 10:36:17,012 [Worker-29: Building] INFO  o.a.m.s.f.DefaultMavenResourcesFiltering - Copying 0 resource from src/main/resources to target/classes
2025-04-15 10:36:17,012 [Worker-29: Building] WARN  o.a.m.s.f.DefaultMavenResourcesFiltering - Using platform encoding (UTF-8 actually) to copy filtered resources, i.e. build is platform dependent!
2025-04-15 10:36:17,013 [Worker-29: Building] INFO  o.a.m.s.f.DefaultMavenResourcesFiltering - skip non existing resourceDirectory /Users/gsaisam/eclipse-workspace/springWebMvc/SpringMVCWebApp/src/test/resources
2025-04-15 10:36:23,526 [Worker-31: Building] WARN  o.a.m.s.f.DefaultMavenResourcesFiltering - Using platform encoding (UTF-8 actually) to copy filtered resources, i.e. build is platform dependent!
2025-04-15 10:36:23,526 [Worker-31: Building] INFO  o.a.m.s.f.DefaultMavenResourcesFiltering - Copying 0 resource from src/main/resources to target/classes
2025-04-15 10:36:23,527 [Worker-31: Building] WARN  o.a.m.s.f.DefaultMavenResourcesFiltering - Using platform encoding (UTF-8 actually) to copy filtered resources, i.e. build is platform dependent!
2025-04-15 10:36:23,527 [Worker-31: Building] INFO  o.a.m.s.f.DefaultMavenResourcesFiltering - skip non existing resourceDirectory /Users/gsaisam/eclipse-workspace/springWebMvc/SpringMVCWebApp/src/test/resources
2025-04-15 10:36:27,622 [Worker-29: Building] WARN  o.a.m.s.f.DefaultMavenResourcesFiltering - Using platform encoding (UTF-8 actually) to copy filtered resources, i.e. build is platform dependent!
2025-04-15 10:36:27,623 [Worker-29: Building] INFO  o.a.m.s.f.DefaultMavenResourcesFiltering - Copying 0 resource from src/main/resources to target/classes
2025-04-15 10:36:27,624 [Worker-29: Building] WARN  o.a.m.s.f.DefaultMavenResourcesFiltering - Using platform encoding (UTF-8 actually) to copy filtered resources, i.e. build is platform dependent!
2025-04-15 10:36:27,624 [Worker-29: Building] INFO  o.a.m.s.f.DefaultMavenResourcesFiltering - skip non existing resourceDirectory /Users/gsaisam/eclipse-workspace/springWebMvc/SpringMVCWebApp/src/test/resources
2025-04-15 11:45:02,052 [Worker-52: Building] WARN  o.a.m.s.f.DefaultMavenResourcesFiltering - Using platform encoding (UTF-8 actually) to copy filtered resources, i.e. build is platform dependent!
2025-04-15 11:45:02,114 [Worker-52: Building] INFO  o.a.m.s.f.DefaultMavenResourcesFiltering - Copying 0 resource from src/main/resources to target/classes
2025-04-15 11:45:02,116 [Worker-52: Building] WARN  o.a.m.s.f.DefaultMavenResourcesFiltering - Using platform encoding (UTF-8 actually) to copy filtered resources, i.e. build is platform dependent!
2025-04-15 11:45:02,116 [Worker-52: Building] INFO  o.a.m.s.f.DefaultMavenResourcesFiltering - skip non existing resourceDirectory /Users/gsaisam/eclipse-workspace/springWebMvc/SpringMVCWebApp/src/test/resources
2025-04-15 11:46:12,585 [Worker-52: Building] WARN  o.a.m.s.f.DefaultMavenResourcesFiltering - Using platform encoding (UTF-8 actually) to copy filtered resources, i.e. build is platform dependent!
2025-04-15 11:46:12,590 [Worker-52: Building] INFO  o.a.m.s.f.DefaultMavenResourcesFiltering - Copying 0 resource from src/main/resources to target/classes
2025-04-15 11:46:12,591 [Worker-52: Building] WARN  o.a.m.s.f.DefaultMavenResourcesFiltering - Using platform encoding (UTF-8 actually) to copy filtered resources, i.e. build is platform dependent!
2025-04-15 11:46:12,591 [Worker-52: Building] INFO  o.a.m.s.f.DefaultMavenResourcesFiltering - Copying 0 resource from src/test/resources to target/test-classes
2025-04-15 11:49:24,178 [Worker-55: Building] WARN  o.a.m.s.f.DefaultMavenResourcesFiltering - Using platform encoding (UTF-8 actually) to copy filtered resources, i.e. build is platform dependent!
2025-04-15 11:49:24,186 [Worker-55: Building] INFO  o.a.m.s.f.DefaultMavenResourcesFiltering - Copying 0 resource from src/main/resources to target/classes
2025-04-15 11:49:24,188 [Worker-55: Building] WARN  o.a.m.s.f.DefaultMavenResourcesFiltering - Using platform encoding (UTF-8 actually) to copy filtered resources, i.e. build is platform dependent!
2025-04-15 11:49:24,188 [Worker-55: Building] INFO  o.a.m.s.f.DefaultMavenResourcesFiltering - Copying 0 resource from src/test/resources to target/test-classes
2025-04-15 12:01:44,971 [Worker-60: Building] WARN  o.a.m.s.f.DefaultMavenResourcesFiltering - Using platform encoding (UTF-8 actually) to copy filtered resources, i.e. build is platform dependent!
2025-04-15 12:01:45,015 [Worker-60: Building] INFO  o.a.m.s.f.DefaultMavenResourcesFiltering - Copying 0 resource from src/main/resources to target/classes
2025-04-15 12:01:45,019 [Worker-60: Building] WARN  o.a.m.s.f.DefaultMavenResourcesFiltering - Using platform encoding (UTF-8 actually) to copy filtered resources, i.e. build is platform dependent!
2025-04-15 12:01:45,020 [Worker-60: Building] INFO  o.a.m.s.f.DefaultMavenResourcesFiltering - Copying 0 resource from src/test/resources to target/test-classes
2025-04-15 12:04:47,235 [Worker-60: Building] WARN  o.a.m.s.f.DefaultMavenResourcesFiltering - Using platform encoding (UTF-8 actually) to copy filtered resources, i.e. build is platform dependent!
2025-04-15 12:04:47,238 [Worker-60: Building] INFO  o.a.m.s.f.DefaultMavenResourcesFiltering - Copying 0 resource from src/main/resources to target/classes
2025-04-15 12:04:47,239 [Worker-60: Building] WARN  o.a.m.s.f.DefaultMavenResourcesFiltering - Using platform encoding (UTF-8 actually) to copy filtered resources, i.e. build is platform dependent!
2025-04-15 12:04:47,240 [Worker-60: Building] INFO  o.a.m.s.f.DefaultMavenResourcesFiltering - Copying 0 resource from src/test/resources to target/test-classes
2025-04-15 12:08:40,322 [Worker-60: Building] WARN  o.a.m.s.f.DefaultMavenResourcesFiltering - Using platform encoding (UTF-8 actually) to copy filtered resources, i.e. build is platform dependent!
2025-04-15 12:08:40,327 [Worker-60: Building] INFO  o.a.m.s.f.DefaultMavenResourcesFiltering - Copying 0 resource from src/main/resources to target/classes
2025-04-15 12:08:40,328 [Worker-60: Building] WARN  o.a.m.s.f.DefaultMavenResourcesFiltering - Using platform encoding (UTF-8 actually) to copy filtered resources, i.e. build is platform dependent!
2025-04-15 12:08:40,329 [Worker-60: Building] INFO  o.a.m.s.f.DefaultMavenResourcesFiltering - Copying 0 resource from src/test/resources to target/test-classes
2025-04-15 12:16:40,777 [Worker-69: Building] WARN  o.a.m.s.f.DefaultMavenResourcesFiltering - Using platform encoding (UTF-8 actually) to copy filtered resources, i.e. build is platform dependent!
2025-04-15 12:16:40,794 [Worker-69: Building] INFO  o.a.m.s.f.DefaultMavenResourcesFiltering - Copying 0 resource from src/main/resources to target/classes
2025-04-15 12:16:40,795 [Worker-69: Building] WARN  o.a.m.s.f.DefaultMavenResourcesFiltering - Using platform encoding (UTF-8 actually) to copy filtered resources, i.e. build is platform dependent!
2025-04-15 12:16:40,796 [Worker-69: Building] INFO  o.a.m.s.f.DefaultMavenResourcesFiltering - Copying 0 resource from src/test/resources to target/test-classes
2025-04-15 12:18:32,951 [Worker-68: Building] WARN  o.a.m.s.f.DefaultMavenResourcesFiltering - Using platform encoding (UTF-8 actually) to copy filtered resources, i.e. build is platform dependent!
2025-04-15 12:18:32,955 [Worker-68: Building] INFO  o.a.m.s.f.DefaultMavenResourcesFiltering - Copying 0 resource from src/main/resources to target/classes
2025-04-15 12:18:32,958 [Worker-68: Building] WARN  o.a.m.s.f.DefaultMavenResourcesFiltering - Using platform encoding (UTF-8 actually) to copy filtered resources, i.e. build is platform dependent!
2025-04-15 12:18:32,959 [Worker-68: Building] INFO  o.a.m.s.f.DefaultMavenResourcesFiltering - Copying 0 resource from src/test/resources to target/test-classes
2025-04-15 12:19:57,944 [Worker-64: Building] WARN  o.a.m.s.f.DefaultMavenResourcesFiltering - Using platform encoding (UTF-8 actually) to copy filtered resources, i.e. build is platform dependent!
2025-04-15 12:19:57,948 [Worker-64: Building] INFO  o.a.m.s.f.DefaultMavenResourcesFiltering - Copying 0 resource from src/main/resources to target/classes
2025-04-15 12:19:57,950 [Worker-64: Building] WARN  o.a.m.s.f.DefaultMavenResourcesFiltering - Using platform encoding (UTF-8 actually) to copy filtered resources, i.e. build is platform dependent!
2025-04-15 12:19:57,951 [Worker-64: Building] INFO  o.a.m.s.f.DefaultMavenResourcesFiltering - Copying 0 resource from src/test/resources to target/test-classes
2025-04-15 12:19:59,980 [Worker-67: Building] WARN  o.a.m.s.f.DefaultMavenResourcesFiltering - Using platform encoding (UTF-8 actually) to copy filtered resources, i.e. build is platform dependent!
2025-04-15 12:19:59,980 [Worker-67: Building] INFO  o.a.m.s.f.DefaultMavenResourcesFiltering - Copying 0 resource from src/main/resources to target/classes
2025-04-15 12:19:59,983 [Worker-67: Building] WARN  o.a.m.s.f.DefaultMavenResourcesFiltering - Using platform encoding (UTF-8 actually) to copy filtered resources, i.e. build is platform dependent!
2025-04-15 12:19:59,983 [Worker-67: Building] INFO  o.a.m.s.f.DefaultMavenResourcesFiltering - Copying 0 resource from src/test/resources to target/test-classes
